[{"event_id": 1,"rule_matched": "","result": 0,"payload": {"channel": 0,"fields": {"Provider_Name": "Microsoft-Windows-Sysmon","EventID": 1,"Provider_Guid": "{5770385f-c22a-43e0-bf4c-06f5698ffbd9}","Execution_ThreadID": 25960,"Opcode": 0,"ProcessId": 29548,"Version": 5,"Keywords": "0x8000000000000000","Hashes": "MD5=EAF49C087C33288EA0BAFC57BD301323,SHA256=41489D86BF0BE0FA2F2C08BE37CF3D327EB71D92B83B60C9DD5E6CC76D2ED69D,IMPHASH=E7F21F2A92E04A3104FF14E21CC4CCD4","FileVersion": "145.0.3800.97","Level": 4,"Task": 1,"TimeCreated_SystemTime": "2026-03-11T19:40:41.7064069Z","EventRecordID": 2568119,"Execution_ProcessID": 24832,"Channel": "Microsoft-Windows-Sysmon/Operational","RuleName": "-","Computer": "DESKTOP-FSK1BQ0","ParentImage": "C:\\Program Files\\Microsoft Visual Studio\\2022\\Community\\Common7\\IDE\\devenv.exe","Security_UserID": "S-1-5-18","UtcTime": "2026-03-11 19:40:41.700","ProcessGuid": "{7d017cda-c539-69b1-a843-040000001b01}","Image": "C:\\Program Files (x86)\\Microsoft\\EdgeWebView\\Application\\145.0.3800.97\\msedgewebview2.exe","Description": "Microsoft Edge WebView2","Product": "Microsoft Edge WebView2","Company": "Microsoft Corporation","OriginalFileName": "msedgewebview2.exe","CommandLine": "\"C:\\Program Files (x86)\\Microsoft\\EdgeWebView\\Application\\145.0.3800.97\\msedgewebview2.exe\" --embedded-browser-webview=1 --webview-exe-name=devenv.exe --webview-exe-version=17.12.35514.174 --user-data-dir=\"C:\\Users\\Ra4ina\\AppData\\Local\\Microsoft\\VisualStudio\\WebView2Cache\\0000\\EBWebView\" --noerrdialogs --embedded-browser-webview-dpi-awareness=2 --allow-file-access-from-files --lang=en --mojo-named-platform-channel-pipe=6968.13288.9023301605652111467","CurrentDirectory": "C:\\windows\\system32\\","User": "DESKTOP-FSK1BQ0\\Ra4ina","LogonId": "0x107f41a44","LogonGuid": "{7d017cda-75d6-69b1-441a-f40701000000}","TerminalSessionId": 68,"IntegrityLevel": "Medium","ParentProcessGuid": "{7d017cda-ac5d-69b1-0e31-040000001b01}","ParentProcessId": 6968,"ParentCommandLine": "\"C:\\Program Files\\Microsoft Visual Studio\\2022\\Community\\Common7\\IDE\\devenv.exe\" ","ParentUser": "DESKTOP-FSK1BQ0\\Ra4ina"}}},{"event_id": 1,"rule_matched": "","result": 0,"payload": {"channel": 0,"fields": {"Provider_Name": "Microsoft-Windows-Sysmon","EventID": 1,"Provider_Guid": "{5770385f-c22a-43e0-bf4c-06f5698ffbd9}","Execution_ThreadID": 25960,"Opcode": 0,"ProcessId": 27188,"Version": 5,"Keywords": "0x8000000000000000","Hashes": "MD5=EAF49C087C33288EA0BAFC57BD301323,SHA256=41489D86BF0BE0FA2F2C08BE37CF3D327EB71D92B83B60C9DD5E6CC76D2ED69D,IMPHASH=E7F21F2A92E04A3104FF14E21CC4CCD4","FileVersion": "145.0.3800.97","Level": 4,"Task": 1,"TimeCreated_SystemTime": "2026-03-11T19:40:41.7327547Z","EventRecordID": 2568120,"Execution_ProcessID": 24832,"Channel": "Microsoft-Windows-Sysmon/Operational","RuleName": "-","Computer": "DESKTOP-FSK1BQ0","ParentImage": "C:\\Program Files (x86)\\Microsoft\\EdgeWebView\\Application\\145.0.3800.97\\msedgewebview2.exe","Security_UserID": "S-1-5-18","UtcTime": "2026-03-11 19:40:41.727","ProcessGuid": "{7d017cda-c539-69b1-a943-040000001b01}","Image": "C:\\Program Files (x86)\\Microsoft\\EdgeWebView\\Application\\145.0.3800.97\\msedgewebview2.exe","Description": "Microsoft Edge WebView2","Product": "Microsoft Edge WebView2","Company": "Microsoft Corporation","OriginalFileName": "msedgewebview2.exe","CommandLine": "\"C:\\Program Files (x86)\\Microsoft\\EdgeWebView\\Application\\145.0.3800.97\\msedgewebview2.exe\" --type=crashpad-handler --user-data-dir=C:\\Users\\Ra4ina\\AppData\\Local\\Microsoft\\VisualStudio\\WebView2Cache\\0000\\EBWebView /prefetch:4 --monitor-self-annotation=ptype=crashpad-handler --database=C:\\Users\\Ra4ina\\AppData\\Local\\Microsoft\\VisualStudio\\WebView2Cache\\0000\\EBWebView\\Crashpad --metrics-dir=C:\\Users\\Ra4ina\\AppData\\Local\\Microsoft\\VisualStudio\\WebView2Cache\\0000\\EBWebView --annotation=IsOfficialBuild=1 --annotation=channel= --annotation=chromium-version=145.0.7632.160 \"--annotation=exe=C:\\Program Files (x86)\\Microsoft\\EdgeWebView\\Application\\145.0.3800.97\\msedgewebview2.exe\" --annotation=plat=Win64 \"--annotation=prod=Edge WebView2\" --annotation=ver=145.0.3800.97 --initial-client-data=0x180,0x184,0x188,0x154,0x158,0x7ffe3cb90f18,0x7ffe3cb90f24,0x7ffe3cb90f30","CurrentDirectory": "C:\\Program Files (x86)\\Microsoft\\EdgeWebView\\Application\\145.0.3800.97\\","User": "DESKTOP-FSK1BQ0\\Ra4ina","LogonId": "0x107f41a44","LogonGuid": "{7d017cda-75d6-69b1-441a-f40701000000}","TerminalSessionId": 68,"IntegrityLevel": "Medium","ParentProcessGuid": "{7d017cda-c539-69b1-a843-040000001b01}","ParentProcessId": 29548,"ParentCommandLine": "\"C:\\Program Files (x86)\\Microsoft\\EdgeWebView\\Application\\145.0.3800.97\\msedgewebview2.exe\" --embedded-browser-webview=1 --webview-exe-name=devenv.exe --webview-exe-version=17.12.35514.174 --user-data-dir=\"C:\\Users\\Ra4ina\\AppData\\Local\\Microsoft\\VisualStudio\\WebView2Cache\\0000\\EBWebView\" --noerrdialogs --embedded-browser-webview-dpi-awareness=2 --allow-file-access-from-files --lang=en --mojo-named-platform-channel-pipe=6968.13288.9023301605652111467","ParentUser": "DESKTOP-FSK1BQ0\\Ra4ina"}}},{"event_id": 1,"rule_matched": "","result": 0,"payload": {"channel": 0,"fields": {"Provider_Name": "Microsoft-Windows-Sysmon","EventID": 1,"Provider_Guid": "{5770385f-c22a-43e0-bf4c-06f5698ffbd9}","Execution_ThreadID": 25960,"Opcode": 0,"ProcessId": 16796,"Version": 5,"Keywords": "0x8000000000000000","Hashes": "MD5=EAF49C087C33288EA0BAFC57BD301323,SHA256=41489D86BF0BE0FA2F2C08BE37CF3D327EB71D92B83B60C9DD5E6CC76D2ED69D,IMPHASH=E7F21F2A92E04A3104FF14E21CC4CCD4","FileVersion": "145.0.3800.97","Level": 4,"Task": 1,"TimeCreated_SystemTime": "2026-03-11T19:40:41.9497322Z","EventRecordID": 2568121,"Execution_ProcessID": 24832,"Channel": "Microsoft-Windows-Sysmon/Operational","RuleName": "-","Computer": "DESKTOP-FSK1BQ0","ParentImage": "C:\\Program Files (x86)\\Microsoft\\EdgeWebView\\Application\\145.0.3800.97\\msedgewebview2.exe","Security_UserID": "S-1-5-18","UtcTime": "2026-03-11 19:40:41.943","ProcessGuid": "{7d017cda-c539-69b1-aa43-040000001b01}","Image": "C:\\Program Files (x86)\\Microsoft\\EdgeWebView\\Application\\145.0.3800.97\\msedgewebview2.exe","Description": "Microsoft Edge WebView2","Product": "Microsoft Edge WebView2","Company": "Microsoft Corporation","OriginalFileName": "msedgewebview2.exe","CommandLine": "\"C:\\Program Files (x86)\\Microsoft\\EdgeWebView\\Application\\145.0.3800.97\\msedgewebview2.exe\" --type=gpu-process --noerrdialogs --user-data-dir=\"C:\\Users\\Ra4ina\\AppData\\Local\\Microsoft\\VisualStudio\\WebView2Cache\\0000\\EBWebView\" --webview-exe-name=devenv.exe --webview-exe-version=17.12.35514.174 --embedded-browser-webview=1 --embedded-browser-webview-dpi-awareness=2 --gpu-preferences=SAAAAAAAAADgAAAEAAAAAAAAAAAAAGAAAQAAAAAAAAAAAAAAAAAAAAIAAAAAAAAAAAAAAAAAAAAQAAAAAAAAABAAAAAAAAAACAAAAAAAAAAIAAAAAAAAAA== --startup-read-main-dll --metrics-shmem-handle=1740,i,18340046773568212401,13147947316450063769,262144 --field-trial-handle=1904,i,4005192096935244478,1888637283652113635,262144 --variations-seed-version --trace-process-track-uuid=3190708988185955192 --mojo-platform-channel-handle=1892 /prefetch:2","CurrentDirectory": "C:\\Program Files (x86)\\Microsoft\\EdgeWebView\\Application\\145.0.3800.97\\","User": "DESKTOP-FSK1BQ0\\Ra4ina","LogonId": "0x107f41a44","LogonGuid": "{7d017cda-75d6-69b1-441a-f40701000000}","TerminalSessionId": 68,"IntegrityLevel": "Low","ParentProcessGuid": "{7d017cda-c539-69b1-a843-040000001b01}","ParentProcessId": 29548,"ParentCommandLine": "\"C:\\Program Files (x86)\\Microsoft\\EdgeWebView\\Application\\145.0.3800.97\\msedgewebview2.exe\" --embedded-browser-webview=1 --webview-exe-name=devenv.exe --webview-exe-version=17.12.35514.174 --user-data-dir=\"C:\\Users\\Ra4ina\\AppData\\Local\\Microsoft\\VisualStudio\\WebView2Cache\\0000\\EBWebView\" --noerrdialogs --embedded-browser-webview-dpi-awareness=2 --allow-file-access-from-files --lang=en --mojo-named-platform-channel-pipe=6968.13288.9023301605652111467","ParentUser": "DESKTOP-FSK1BQ0\\Ra4ina"}}},{"event_id": 1,"rule_matched": "","result": 0,"payload": {"channel": 0,"fields": {"Provider_Name": "Microsoft-Windows-Sysmon","EventID": 1,"Provider_Guid": "{5770385f-c22a-43e0-bf4c-06f5698ffbd9}","Execution_ThreadID": 25960,"Opcode": 0,"ProcessId": 29344,"Version": 5,"Keywords": "0x8000000000000000","Hashes": "MD5=EAF49C087C33288EA0BAFC57BD301323,SHA256=41489D86BF0BE0FA2F2C08BE37CF3D327EB71D92B83B60C9DD5E6CC76D2ED69D,IMPHASH=E7F21F2A92E04A3104FF14E21CC4CCD4","FileVersion": "145.0.3800.97","Level": 4,"Task": 1,"TimeCreated_SystemTime": "2026-03-11T19:40:41.9529331Z","EventRecordID": 2568122,"Execution_ProcessID": 24832,"Channel": "Microsoft-Windows-Sysmon/Operational","RuleName": "-","Computer": "DESKTOP-FSK1BQ0","ParentImage": "C:\\Program Files (x86)\\Microsoft\\EdgeWebView\\Application\\145.0.3800.97\\msedgewebview2.exe","Security_UserID": "S-1-5-18","UtcTime": "2026-03-11 19:40:41.946","ProcessGuid": "{7d017cda-c539-69b1-ab43-040000001b01}","Image": "C:\\Program Files (x86)\\Microsoft\\EdgeWebView\\Application\\145.0.3800.97\\msedgewebview2.exe","Description": "Microsoft Edge WebView2","Product": "Microsoft Edge WebView2","Company": "Microsoft Corporation","OriginalFileName": "msedgewebview2.exe","CommandLine": "\"C:\\Program Files (x86)\\Microsoft\\EdgeWebView\\Application\\145.0.3800.97\\msedgewebview2.exe\" --type=utility --utility-sub-type=network.mojom.NetworkService --lang=en-US --service-sandbox-type=none --noerrdialogs --user-data-dir=\"C:\\Users\\Ra4ina\\AppData\\Local\\Microsoft\\VisualStudio\\WebView2Cache\\0000\\EBWebView\" --webview-exe-name=devenv.exe --webview-exe-version=17.12.35514.174 --embedded-browser-webview=1 --embedded-browser-webview-dpi-awareness=2 --startup-read-main-dll --metrics-shmem-handle=1956,i,974001308958415941,792604095859581673,524288 --field-trial-handle=1904,i,4005192096935244478,1888637283652113635,262144 --variations-seed-version --trace-process-track-uuid=3190708989122997041 --mojo-platform-channel-handle=2068 /prefetch:3","CurrentDirectory": "C:\\Program Files (x86)\\Microsoft\\EdgeWebView\\Application\\145.0.3800.97\\","User": "DESKTOP-FSK1BQ0\\Ra4ina","LogonId": "0x107f41a44","LogonGuid": "{7d017cda-75d6-69b1-441a-f40701000000}","TerminalSessionId": 68,"IntegrityLevel": "Medium","ParentProcessGuid": "{7d017cda-c539-69b1-a843-040000001b01}","ParentProcessId": 29548,"ParentCommandLine": "\"C:\\Program Files (x86)\\Microsoft\\EdgeWebView\\Application\\145.0.3800.97\\msedgewebview2.exe\" --embedded-browser-webview=1 --webview-exe-name=devenv.exe --webview-exe-version=17.12.35514.174 --user-data-dir=\"C:\\Users\\Ra4ina\\AppData\\Local\\Microsoft\\VisualStudio\\WebView2Cache\\0000\\EBWebView\" --noerrdialogs --embedded-browser-webview-dpi-awareness=2 --allow-file-access-from-files --lang=en --mojo-named-platform-channel-pipe=6968.13288.9023301605652111467","ParentUser": "DESKTOP-FSK1BQ0\\Ra4ina"}}},{"event_id": 1,"rule_matched": "","result": 0,"payload": {"channel": 0,"fields": {"Provider_Name": "Microsoft-Windows-Sysmon","EventID": 1,"Provider_Guid": "{5770385f-c22a-43e0-bf4c-06f5698ffbd9}","Execution_ThreadID": 25960,"Opcode": 0,"ProcessId": 12088,"Version": 5,"Keywords": "0x8000000000000000","Hashes": "MD5=EAF49C087C33288EA0BAFC57BD301323,SHA256=41489D86BF0BE0FA2F2C08BE37CF3D327EB71D92B83B60C9DD5E6CC76D2ED69D,IMPHASH=E7F21F2A92E04A3104FF14E21CC4CCD4","FileVersion": "145.0.3800.97","Level": 4,"Task": 1,"TimeCreated_SystemTime": "2026-03-11T19:40:41.9911301Z","EventRecordID": 2568123,"Execution_ProcessID": 24832,"Channel": "Microsoft-Windows-Sysmon/Operational","RuleName": "-","Computer": "DESKTOP-FSK1BQ0","ParentImage": "C:\\Program Files (x86)\\Microsoft\\EdgeWebView\\Application\\145.0.3800.97\\msedgewebview2.exe","Security_UserID": "S-1-5-18","UtcTime": "2026-03-11 19:40:41.985","ProcessGuid": "{7d017cda-c539-69b1-ac43-040000001b01}","Image": "C:\\Program Files (x86)\\Microsoft\\EdgeWebView\\Application\\145.0.3800.97\\msedgewebview2.exe","Description": "Microsoft Edge WebView2","Product": "Microsoft Edge WebView2","Company": "Microsoft Corporation","OriginalFileName": "msedgewebview2.exe","CommandLine": "\"C:\\Program Files (x86)\\Microsoft\\EdgeWebView\\Application\\145.0.3800.97\\msedgewebview2.exe\" --type=utility --utility-sub-type=storage.mojom.StorageService --lang=en-US --service-sandbox-type=service --noerrdialogs --user-data-dir=\"C:\\Users\\Ra4ina\\AppData\\Local\\Microsoft\\VisualStudio\\WebView2Cache\\0000\\EBWebView\" --webview-exe-name=devenv.exe --webview-exe-version=17.12.35514.174 --embedded-browser-webview=1 --embedded-browser-webview-dpi-awareness=2 --startup-read-main-dll --metrics-shmem-handle=2296,i,3694241251415177461,1334653499800293540,524288 --field-trial-handle=1904,i,4005192096935244478,1888637283652113635,262144 --variations-seed-version --trace-process-track-uuid=3190708990060038890 --mojo-platform-channel-handle=2080 /prefetch:8","CurrentDirectory": "C:\\Program Files (x86)\\Microsoft\\EdgeWebView\\Application\\145.0.3800.97\\","User": "DESKTOP-FSK1BQ0\\Ra4ina","LogonId": "0x107f41a44","LogonGuid": "{7d017cda-75d6-69b1-441a-f40701000000}","TerminalSessionId": 68,"IntegrityLevel": "Low","ParentProcessGuid": "{7d017cda-c539-69b1-a843-040000001b01}","ParentProcessId": 29548,"ParentCommandLine": "\"C:\\Program Files (x86)\\Microsoft\\EdgeWebView\\Application\\145.0.3800.97\\msedgewebview2.exe\" --embedded-browser-webview=1 --webview-exe-name=devenv.exe --webview-exe-version=17.12.35514.174 --user-data-dir=\"C:\\Users\\Ra4ina\\AppData\\Local\\Microsoft\\VisualStudio\\WebView2Cache\\0000\\EBWebView\" --noerrdialogs --embedded-browser-webview-dpi-awareness=2 --allow-file-access-from-files --lang=en --mojo-named-platform-channel-pipe=6968.13288.9023301605652111467","ParentUser": "DESKTOP-FSK1BQ0\\Ra4ina"}}},{"event_id": 1,"rule_matched": "","result": 0,"payload": {"channel": 0,"fields": {"Provider_Name": "Microsoft-Windows-Sysmon","EventID": 1,"Provider_Guid": "{5770385f-c22a-43e0-bf4c-06f5698ffbd9}","Execution_ThreadID": 25960,"Opcode": 0,"ProcessId": 16948,"Version": 5,"Keywords": "0x8000000000000000","Hashes": "MD5=EAF49C087C33288EA0BAFC57BD301323,SHA256=41489D86BF0BE0FA2F2C08BE37CF3D327EB71D92B83B60C9DD5E6CC76D2ED69D,IMPHASH=E7F21F2A92E04A3104FF14E21CC4CCD4","FileVersion": "145.0.3800.97","Level": 4,"Task": 1,"TimeCreated_SystemTime": "2026-03-11T19:40:42.1237850Z","EventRecordID": 2568124,"Execution_ProcessID": 24832,"Channel": "Microsoft-Windows-Sysmon/Operational","RuleName": "-","Computer": "DESKTOP-FSK1BQ0","ParentImage": "C:\\Program Files (x86)\\Microsoft\\EdgeWebView\\Application\\145.0.3800.97\\msedgewebview2.exe","Security_UserID": "S-1-5-18","UtcTime": "2026-03-11 19:40:42.115","ProcessGuid": "{7d017cda-c53a-69b1-ad43-040000001b01}","Image": "C:\\Program Files (x86)\\Microsoft\\EdgeWebView\\Application\\145.0.3800.97\\msedgewebview2.exe","Description": "Microsoft Edge WebView2","Product": "Microsoft Edge WebView2","Company": "Microsoft Corporation","OriginalFileName": "msedgewebview2.exe","CommandLine": "\"C:\\Program Files (x86)\\Microsoft\\EdgeWebView\\Application\\145.0.3800.97\\msedgewebview2.exe\" --type=renderer --noerrdialogs --user-data-dir=\"C:\\Users\\Ra4ina\\AppData\\Local\\Microsoft\\VisualStudio\\WebView2Cache\\0000\\EBWebView\" --webview-exe-name=devenv.exe --webview-exe-version=17.12.35514.174 --embedded-browser-webview=1 --embedded-browser-webview-dpi-awareness=2 --video-capture-use-gpu-memory-buffer --lang=en-US --js-flags=--expose-gc --device-scale-factor=1 --num-raster-threads=4 --enable-main-frame-before-activation --renderer-client-id=5 --time-ticks-at-unix-epoch=-1768995341540606 --launch-time-ticks=4262700566038 --ssd-no-pressure-read-main-dll --metrics-shmem-handle=3752,i,16271029127580736766,2305536084294773848,2097152 --field-trial-handle=1904,i,4005192096935244478,1888637283652113635,262144 --variations-seed-version --trace-process-track-uuid=3190708990997080739 --mojo-platform-channel-handle=3852 /prefetch:1","CurrentDirectory": "C:\\Program Files (x86)\\Microsoft\\EdgeWebView\\Application\\145.0.3800.97\\","User": "DESKTOP-FSK1BQ0\\Ra4ina","LogonId": "0x107f41a44","LogonGuid": "{7d017cda-75d6-69b1-441a-f40701000000}","TerminalSessionId": 68,"IntegrityLevel": "Low","ParentProcessGuid": "{7d017cda-c539-69b1-a843-040000001b01}","ParentProcessId": 29548,"ParentCommandLine": "\"C:\\Program Files (x86)\\Microsoft\\EdgeWebView\\Application\\145.0.3800.97\\msedgewebview2.exe\" --embedded-browser-webview=1 --webview-exe-name=devenv.exe --webview-exe-version=17.12.35514.174 --user-data-dir=\"C:\\Users\\Ra4ina\\AppData\\Local\\Microsoft\\VisualStudio\\WebView2Cache\\0000\\EBWebView\" --noerrdialogs --embedded-browser-webview-dpi-awareness=2 --allow-file-access-from-files --lang=en --mojo-named-platform-channel-pipe=6968.13288.9023301605652111467","ParentUser": "DESKTOP-FSK1BQ0\\Ra4ina"}}}]