[
    {
        "event_id": 1,
        "rule_matched": "2617e7ed-adb7-40ba-b0f3-8f9945fe6c09",
        "result": 1,
        "payload": {
            "channel": 0,
            "fields": {
                "Provider_Name": "Microsoft-Windows-Sysmon",
                "EventID": 1,
                "Provider_Guid": "{5770385f-c22a-43e0-bf4c-06f5698ffbd9}",
                "Execution_ThreadID": 23008,
                "Opcode": 0,
                "ProcessId": 8784,
                "Version": 5,
                "Keywords": "0x8000000000000000",
                "Hashes": "MD5=D07BED882CABE550A82CEC0030D26226,SHA256=674815647A6B7CCB1EA6747F3823DB035D78D4237430BD102890703BA9CF7195,IMPHASH=B71A317922C99CA242AACAFDA0A3F9DD",
                "FileVersion": 8.56,
                "Level": 4,
                "Task": 1,
                "TimeCreated_SystemTime": "2026-05-28T03:21:17.5957955Z",
                "EventRecordID": 3498258,
                "Execution_ProcessID": 13112,
                "Channel": "Microsoft-Windows-Sysmon/Operational",
                "RuleName": "-",
                "Computer": "DESKTOP-FSK1BQ0",
                "ParentImage": "C:\\Windows\\explorer.exe",
                "Security_UserID": "S-1-5-18",
                "UtcTime": "2026-05-28 03:21:17.563",
                "ProcessGuid": "{7d017cda-b4ad-6a17-6bca-000000002301}",
                "Image": "C:\\Program Files\\Notepad++\\notepad++.exe",
                "Description": "Notepad++",
                "Product": "Notepad++",
                "Company": "Don HO don.h@free.fr",
                "OriginalFileName": "notepad++.exe",
                "CommandLine": "\"C:\\Program Files\\Notepad++\\notepad++.exe\" \"F:\\0main_stuff\\prog_stuff\\projects\\cpp\\sigma_detector\\test_rules\\notepad++_detection.yaml\" ",
                "CurrentDirectory": "C:\\windows\\System32\\",
                "User": "DESKTOP-FSK1BQ0\\Ra4ina",
                "LogonId": "0x297897c7",
                "LogonGuid": "{7d017cda-b4d2-6a16-c797-782900000000}",
                "TerminalSessionId": 8,
                "IntegrityLevel": "Medium",
                "ParentProcessGuid": "{7d017cda-b4f5-6a16-36a0-000000002301}",
                "ParentProcessId": 20576,
                "ParentCommandLine": "C:\\windows\\Explorer.EXE",
                "ParentUser": "DESKTOP-FSK1BQ0\\Ra4ina"
            }
        }
    },
    {
        "event_id": 22,
        "rule_matched": "",
        "result": 0,
        "payload": {
            "channel": 0,
            "fields": {
                "Provider_Name": "Microsoft-Windows-Sysmon",
                "EventID": 22,
                "Provider_Guid": "{5770385f-c22a-43e0-bf4c-06f5698ffbd9}",
                "Execution_ThreadID": 13712,
                "Opcode": 0,
                "ProcessId": 17792,
                "Version": 5,
                "Keywords": "0x8000000000000000",
                "Level": 4,
                "Task": 22,
                "TimeCreated_SystemTime": "2026-05-28T03:21:19.1963876Z",
                "EventRecordID": 3498259,
                "Execution_ProcessID": 13112,
                "Channel": "Microsoft-Windows-Sysmon/Operational",
                "RuleName": "-",
                "Computer": "DESKTOP-FSK1BQ0",
                "Security_UserID": "S-1-5-18",
                "UtcTime": "2026-05-28 03:21:17.685",
                "ProcessGuid": "{7d017cda-b4ad-6a17-6aca-000000002301}",
                "QueryName": "az667904.vo.msecnd.net",
                "QueryStatus": 0,
                "QueryResults": "type:  5 vstelemetry.trafficmanager.net;type:  5 az667904.vo.msecnd.net.edgesuite.net;type:  5 a81.dscd.akamai.net;::ffff:23.48.23.34;::ffff:23.48.23.21;",
                "Image": "C:\\Program Files\\Microsoft Visual Studio\\2022\\Community\\VC\\Tools\\MSVC\\14.42.34433\\bin\\Hostx64\\x64\\vctip.exe",
                "User": "DESKTOP-FSK1BQ0\\Ra4ina"
            }
        }
    },
    {
        "event_id": 5,
        "rule_matched": "",
        "result": 0,
        "payload": {
            "channel": 0,
            "fields": {
                "Provider_Name": "Microsoft-Windows-Sysmon",
                "EventID": 5,
                "Provider_Guid": "{5770385f-c22a-43e0-bf4c-06f5698ffbd9}",
                "Execution_ThreadID": 23008,
                "Opcode": 0,
                "ProcessId": 812,
                "Version": 3,
                "Keywords": "0x8000000000000000",
                "Level": 4,
                "Task": 5,
                "TimeCreated_SystemTime": "2026-05-28T03:21:21.2996043Z",
                "EventRecordID": 3498260,
                "Execution_ProcessID": 13112,
                "Channel": "Microsoft-Windows-Sysmon/Operational",
                "RuleName": "-",
                "Computer": "DESKTOP-FSK1BQ0",
                "Security_UserID": "S-1-5-18",
                "UtcTime": "2026-05-28 03:21:21.298",
                "ProcessGuid": "{7d017cda-b259-6a17-73c7-000000002301}",
                "Image": "C:\\Windows\\System32\\svchost.exe",
                "User": "NT AUTHORITY\\СИСТЕМА"
            }
        }
    },
    {
        "event_id": 5,
        "rule_matched": "",
        "result": 0,
        "payload": {
            "channel": 0,
            "fields": {
                "Provider_Name": "Microsoft-Windows-Sysmon",
                "EventID": 5,
                "Provider_Guid": "{5770385f-c22a-43e0-bf4c-06f5698ffbd9}",
                "Execution_ThreadID": 23008,
                "Opcode": 0,
                "ProcessId": 8784,
                "Version": 3,
                "Keywords": "0x8000000000000000",
                "Level": 4,
                "Task": 5,
                "TimeCreated_SystemTime": "2026-05-28T03:21:21.5746307Z",
                "EventRecordID": 3498261,
                "Execution_ProcessID": 13112,
                "Channel": "Microsoft-Windows-Sysmon/Operational",
                "RuleName": "-",
                "Computer": "DESKTOP-FSK1BQ0",
                "Security_UserID": "S-1-5-18",
                "UtcTime": "2026-05-28 03:21:21.574",
                "ProcessGuid": "{7d017cda-b4ad-6a17-6bca-000000002301}",
                "Image": "C:\\Program Files\\Notepad++\\notepad++.exe",
                "User": "DESKTOP-FSK1BQ0\\Ra4ina"
            }
        }
    },
    {
        "event_id": 22,
        "rule_matched": "",
        "result": 0,
        "payload": {
            "channel": 0,
            "fields": {
                "Provider_Name": "Microsoft-Windows-Sysmon",
                "EventID": 22,
                "Provider_Guid": "{5770385f-c22a-43e0-bf4c-06f5698ffbd9}",
                "Execution_ThreadID": 13712,
                "Opcode": 0,
                "ProcessId": 13488,
                "Version": 5,
                "Keywords": "0x8000000000000000",
                "Level": 4,
                "Task": 22,
                "TimeCreated_SystemTime": "2026-05-28T03:21:22.2284606Z",
                "EventRecordID": 3498262,
                "Execution_ProcessID": 13112,
                "Channel": "Microsoft-Windows-Sysmon/Operational",
                "RuleName": "-",
                "Computer": "DESKTOP-FSK1BQ0",
                "Security_UserID": "S-1-5-18",
                "UtcTime": "2026-05-28 03:21:20.869",
                "ProcessGuid": "{7d017cda-b508-6a16-87a0-000000002301}",
                "QueryName": "account-public-service-prod.ak.epicgames.com",
                "QueryStatus": 0,
                "QueryResults": "type:  5 weighted-account-public-service-prod.ak.epicgames.com;type:  5 weighted-account-service-prod-pub-ak.faef.live.use1a.on.epicgames.com;::ffff:3.223.72.1;::ffff:54.243.108.78;::ffff:3.227.192.0;::ffff:32.197.83.186;::ffff:52.203.245.17;::ffff:44.213.223.171;",
                "Image": "C:\\Program Files (x86)\\Epic Games\\Launcher\\Portal\\Binaries\\Win64\\EpicGamesLauncher.exe",
                "User": "DESKTOP-FSK1BQ0\\Ra4ina"
            }
        }
    },
    {
        "event_id": 5,
        "rule_matched": "",
        "result": 0,
        "payload": {
            "channel": 0,
            "fields": {
                "Provider_Name": "Microsoft-Windows-Sysmon",
                "EventID": 5,
                "Provider_Guid": "{5770385f-c22a-43e0-bf4c-06f5698ffbd9}",
                "Execution_ThreadID": 23008,
                "Opcode": 0,
                "ProcessId": 15788,
                "Version": 3,
                "Keywords": "0x8000000000000000",
                "Level": 4,
                "Task": 5,
                "TimeCreated_SystemTime": "2026-05-28T03:21:23.9276310Z",
                "EventRecordID": 3498263,
                "Execution_ProcessID": 13112,
                "Channel": "Microsoft-Windows-Sysmon/Operational",
                "RuleName": "-",
                "Computer": "DESKTOP-FSK1BQ0",
                "Security_UserID": "S-1-5-18",
                "UtcTime": "2026-05-28 03:21:23.925",
                "ProcessGuid": "{7d017cda-b3d2-6a17-a5c7-000000002301}",
                "Image": "C:\\Windows\\System32\\SearchProtocolHost.exe",
                "User": "NT AUTHORITY\\СИСТЕМА"
            }
        }
    },
    {
        "event_id": 5,
        "rule_matched": "",
        "result": 0,
        "payload": {
            "channel": 0,
            "fields": {
                "Provider_Name": "Microsoft-Windows-Sysmon",
                "EventID": 5,
                "Provider_Guid": "{5770385f-c22a-43e0-bf4c-06f5698ffbd9}",
                "Execution_ThreadID": 23008,
                "Opcode": 0,
                "ProcessId": 15604,
                "Version": 3,
                "Keywords": "0x8000000000000000",
                "Level": 4,
                "Task": 5,
                "TimeCreated_SystemTime": "2026-05-28T03:21:23.9370311Z",
                "EventRecordID": 3498264,
                "Execution_ProcessID": 13112,
                "Channel": "Microsoft-Windows-Sysmon/Operational",
                "RuleName": "-",
                "Computer": "DESKTOP-FSK1BQ0",
                "Security_UserID": "S-1-5-18",
                "UtcTime": "2026-05-28 03:21:23.935",
                "ProcessGuid": "{7d017cda-b45d-6a17-69c8-000000002301}",
                "Image": "C:\\Windows\\System32\\SearchProtocolHost.exe",
                "User": "DESKTOP-FSK1BQ0\\Ra4ina"
            }
        }
    },
    {
        "event_id": 5,
        "rule_matched": "",
        "result": 0,
        "payload": {
            "channel": 0,
            "fields": {
                "Provider_Name": "Microsoft-Windows-Sysmon",
                "EventID": 5,
                "Provider_Guid": "{5770385f-c22a-43e0-bf4c-06f5698ffbd9}",
                "Execution_ThreadID": 23008,
                "Opcode": 0,
                "ProcessId": 7320,
                "Version": 3,
                "Keywords": "0x8000000000000000",
                "Level": 4,
                "Task": 5,
                "TimeCreated_SystemTime": "2026-05-28T03:21:23.9447548Z",
                "EventRecordID": 3498265,
                "Execution_ProcessID": 13112,
                "Channel": "Microsoft-Windows-Sysmon/Operational",
                "RuleName": "-",
                "Computer": "DESKTOP-FSK1BQ0",
                "Security_UserID": "S-1-5-18",
                "UtcTime": "2026-05-28 03:21:23.943",
                "ProcessGuid": "{7d017cda-b45d-6a17-6bc8-000000002301}",
                "Image": "C:\\Windows\\System32\\SearchFilterHost.exe",
                "User": "NT AUTHORITY\\СИСТЕМА"
            }
        }
    },
    {
        "event_id": 5,
        "rule_matched": "",
        "result": 0,
        "payload": {
            "channel": 0,
            "fields": {
                "Provider_Name": "Microsoft-Windows-Sysmon",
                "EventID": 5,
                "Provider_Guid": "{5770385f-c22a-43e0-bf4c-06f5698ffbd9}",
                "Execution_ThreadID": 23008,
                "Opcode": 0,
                "ProcessId": 12260,
                "Version": 3,
                "Keywords": "0x8000000000000000",
                "Level": 4,
                "Task": 5,
                "TimeCreated_SystemTime": "2026-05-28T03:21:24.0038843Z",
                "EventRecordID": 3498266,
                "Execution_ProcessID": 13112,
                "Channel": "Microsoft-Windows-Sysmon/Operational",
                "RuleName": "-",
                "Computer": "DESKTOP-FSK1BQ0",
                "Security_UserID": "S-1-5-18",
                "UtcTime": "2026-05-28 03:21:24.002",
                "ProcessGuid": "{7d017cda-b4a7-6a17-68ca-000000002301}",
                "Image": "C:\\Program Files\\Microsoft Visual Studio\\2022\\Community\\VC\\Tools\\MSVC\\14.42.34433\\bin\\Hostx64\\x64\\cl.exe",
                "User": "DESKTOP-FSK1BQ0\\Ra4ina"
            }
        }
    },
    {
        "event_id": 5,
        "rule_matched": "",
        "result": 0,
        "payload": {
            "channel": 0,
            "fields": {
                "Provider_Name": "Microsoft-Windows-Sysmon",
                "EventID": 5,
                "Provider_Guid": "{5770385f-c22a-43e0-bf4c-06f5698ffbd9}",
                "Execution_ThreadID": 23008,
                "Opcode": 0,
                "ProcessId": 14788,
                "Version": 3,
                "Keywords": "0x8000000000000000",
                "Level": 4,
                "Task": 5,
                "TimeCreated_SystemTime": "2026-05-28T03:21:24.0055520Z",
                "EventRecordID": 3498267,
                "Execution_ProcessID": 13112,
                "Channel": "Microsoft-Windows-Sysmon/Operational",
                "RuleName": "-",
                "Computer": "DESKTOP-FSK1BQ0",
                "Security_UserID": "S-1-5-18",
                "UtcTime": "2026-05-28 03:21:24.004",
                "ProcessGuid": "{7d017cda-b4a8-6a17-69ca-000000002301}",
                "Image": "C:\\Windows\\System32\\conhost.exe",
                "User": "DESKTOP-FSK1BQ0\\Ra4ina"
            }
        }
    },
    {
        "event_id": 1,
        "rule_matched": "",
        "result": 0,
        "payload": {
            "channel": 0,
            "fields": {
                "Provider_Name": "Microsoft-Windows-Sysmon",
                "EventID": 1,
                "Provider_Guid": "{5770385f-c22a-43e0-bf4c-06f5698ffbd9}",
                "Execution_ThreadID": 23008,
                "Opcode": 0,
                "ProcessId": 23372,
                "Version": 5,
                "Keywords": "0x8000000000000000",
                "Hashes": "MD5=68C9E19DC7F6528481C15CA846BE709B,SHA256=EDEC0DF04F8FA899AE8EE34294175FF2BCE1E1678F3E4C5455ED1C808503B521,IMPHASH=082A55FC03211B71022A3FD25974224E",
                "FileVersion": "2.45.2.windows.1",
                "Level": 4,
                "Task": 1,
                "TimeCreated_SystemTime": "2026-05-28T03:21:24.1524333Z",
                "EventRecordID": 3498268,
                "Execution_ProcessID": 13112,
                "Channel": "Microsoft-Windows-Sysmon/Operational",
                "RuleName": "-",
                "Computer": "DESKTOP-FSK1BQ0",
                "ParentImage": "C:\\Program Files\\Microsoft Visual Studio\\2022\\Community\\Common7\\IDE\\devenv.exe",
                "Security_UserID": "S-1-5-18",
                "UtcTime": "2026-05-28 03:21:24.126",
                "ProcessGuid": "{7d017cda-b4b4-6a17-6cca-000000002301}",
                "Image": "C:\\Program Files\\Microsoft Visual Studio\\2022\\Community\\Common7\\IDE\\CommonExtensions\\Microsoft\\TeamFoundation\\Team Explorer\\Git\\mingw64\\bin\\git.exe",
                "Description": "Git for Windows",
                "Product": "Git",
                "Company": "The Git Development Community",
                "OriginalFileName": "git.exe",
                "CommandLine": "\"c:/program files/microsoft visual studio/2022/community/common7/ide/commonextensions/microsoft/teamfoundation/team explorer/Git/mingw64/bin/git.exe\"  -c \"gc.auto=0\" -c \"credential.helper=manager\" -c \"core.askpass=c:/program files/microsoft visual studio/2022/community/common7/ide/commonextensions/microsoft/teamfoundation/team explorer/Git/mingw64/bin\\git-askpass.exe\" --no-pager --no-optional-locks status --porcelain=v2 --branch --no-ahead-behind --untracked-files=all --ignored=matching --ignore-submodules=dirty",
                "CurrentDirectory": "F:\\0main_stuff\\prog_stuff\\projects\\cpp\\sigma_detector\\",
                "User": "DESKTOP-FSK1BQ0\\Ra4ina",
                "LogonId": "0x2978979e",
                "LogonGuid": "{7d017cda-b4d2-6a16-9e97-782900000000}",
                "TerminalSessionId": 8,
                "IntegrityLevel": "High",
                "ParentProcessGuid": "{7d017cda-b437-6a17-b9c7-000000002301}",
                "ParentProcessId": 22164,
                "ParentCommandLine": "\"C:\\Program Files\\Microsoft Visual Studio\\2022\\Community\\Common7\\IDE\\devenv.exe\" ",
                "ParentUser": "DESKTOP-FSK1BQ0\\Ra4ina"
            }
        }
    },
    {
        "event_id": 1,
        "rule_matched": "",
        "result": 0,
        "payload": {
            "channel": 0,
            "fields": {
                "Provider_Name": "Microsoft-Windows-Sysmon",
                "EventID": 1,
                "Provider_Guid": "{5770385f-c22a-43e0-bf4c-06f5698ffbd9}",
                "Execution_ThreadID": 23008,
                "Opcode": 0,
                "ProcessId": 580,
                "Version": 5,
                "Keywords": "0x8000000000000000",
                "Hashes": "MD5=BB84FA541A3C534978FFE1D06186DD05,SHA256=72C3101EFA0F8039E910556A9138D21B3605EA7FC32B52F1994424BFBD123F7A,IMPHASH=F814DBA195DE84671FC60EB8541358FF",
                "FileVersion": "17.0.35514.174 built by: d17.12",
                "Level": 4,
                "Task": 1,
                "TimeCreated_SystemTime": "2026-05-28T03:21:24.1736856Z",
                "EventRecordID": 3498269,
                "Execution_ProcessID": 13112,
                "Channel": "Microsoft-Windows-Sysmon/Operational",
                "RuleName": "-",
                "Computer": "DESKTOP-FSK1BQ0",
                "ParentImage": "-",
                "Security_UserID": "S-1-5-18",
                "UtcTime": "2026-05-28 03:21:24.168",
                "ProcessGuid": "{7d017cda-b4b4-6a17-6dca-000000002301}",
                "Image": "C:\\Program Files\\Microsoft Visual Studio\\2022\\Community\\Common7\\IDE\\VC\\vcpackages\\vcpkgsrv.exe",
                "Description": "Microsoft (R) Visual C++ Language Service (Server)",
                "Product": "Microsoft® Visual Studio®",
                "Company": "Microsoft Corporation",
                "OriginalFileName": "VCPkgSrv.exe",
                "CommandLine": "\"C:\\Program Files\\Microsoft Visual Studio\\2022\\Community\\Common7\\IDE\\VC\\vcpackages\\VCPkgSrv.exe\" -s {4F02B83A-F910-4DA9-87BB-B076593AE9D7} -p 22164 -i TagParser -r \"C:\\Program Files\\Microsoft Visual Studio\\2022\\Community\\common7\\ide\\VSReliability.dll\"",
                "CurrentDirectory": "C:\\Program Files\\Microsoft Visual Studio\\2022\\Community\\Common7\\IDE\\",
                "User": "DESKTOP-FSK1BQ0\\Ra4ina",
                "LogonId": "0x2978979e",
                "LogonGuid": "{7d017cda-b4d2-6a16-9e97-782900000000}",
                "TerminalSessionId": 8,
                "IntegrityLevel": "High",
                "ParentProcessGuid": "{00000000-0000-0000-0000-000000000000}",
                "ParentProcessId": 10804,
                "ParentCommandLine": "-",
                "ParentUser": "-"
            }
        }
    },
    {
        "event_id": 1,
        "rule_matched": "",
        "result": 0,
        "payload": {
            "channel": 0,
            "fields": {
                "Provider_Name": "Microsoft-Windows-Sysmon",
                "EventID": 1,
                "Provider_Guid": "{5770385f-c22a-43e0-bf4c-06f5698ffbd9}",
                "Execution_ThreadID": 23008,
                "Opcode": 0,
                "ProcessId": 18924,
                "Version": 5,
                "Keywords": "0x8000000000000000",
                "Hashes": "MD5=7850554B5C650163FC168AA08F18E343,SHA256=B02EE54FB2EC69673386D41119EE8ED083A6EAB3BFCA6AA2155D20CE68EF8963,IMPHASH=0F64302D3280DE299F4C51A78746F606",
                "FileVersion": "10.0.19041.5198 (WinBuild.160101.0800)",
                "Level": 4,
                "Task": 1,
                "TimeCreated_SystemTime": "2026-05-28T03:21:24.1837548Z",
                "EventRecordID": 3498270,
                "Execution_ProcessID": 13112,
                "Channel": "Microsoft-Windows-Sysmon/Operational",
                "RuleName": "-",
                "Computer": "DESKTOP-FSK1BQ0",
                "ParentImage": "C:\\Program Files\\Microsoft Visual Studio\\2022\\Community\\Common7\\IDE\\CommonExtensions\\Microsoft\\TeamFoundation\\Team Explorer\\Git\\mingw64\\bin\\git.exe",
                "Security_UserID": "S-1-5-18",
                "UtcTime": "2026-05-28 03:21:24.178",
                "ProcessGuid": "{7d017cda-b4b4-6a17-6eca-000000002301}",
                "Image": "C:\\Windows\\System32\\conhost.exe",
                "Description": "Console Window Host",
                "Product": "Microsoft® Windows® Operating System",
                "Company": "Microsoft Corporation",
                "OriginalFileName": "CONHOST.EXE",
                "CommandLine": "\\??\\C:\\windows\\system32\\conhost.exe 0xffffffff -ForceV1",
                "CurrentDirectory": "C:\\windows",
                "User": "DESKTOP-FSK1BQ0\\Ra4ina",
                "LogonId": "0x2978979e",
                "LogonGuid": "{7d017cda-b4d2-6a16-9e97-782900000000}",
                "TerminalSessionId": 8,
                "IntegrityLevel": "High",
                "ParentProcessGuid": "{7d017cda-b4b4-6a17-6cca-000000002301}",
                "ParentProcessId": 23372,
                "ParentCommandLine": "\"c:/program files/microsoft visual studio/2022/community/common7/ide/commonextensions/microsoft/teamfoundation/team explorer/Git/mingw64/bin/git.exe\"  -c \"gc.auto=0\" -c \"credential.helper=manager\" -c \"core.askpass=c:/program files/microsoft visual studio/2022/community/common7/ide/commonextensions/microsoft/teamfoundation/team explorer/Git/mingw64/bin\\git-askpass.exe\" --no-pager --no-optional-locks status --porcelain=v2 --branch --no-ahead-behind --untracked-files=all --ignored=matching --ignore-submodules=dirty",
                "ParentUser": "DESKTOP-FSK1BQ0\\Ra4ina"
            }
        }
    },
    {
        "event_id": 5,
        "rule_matched": "",
        "result": 0,
        "payload": {
            "channel": 0,
            "fields": {
                "Provider_Name": "Microsoft-Windows-Sysmon",
                "EventID": 5,
                "Provider_Guid": "{5770385f-c22a-43e0-bf4c-06f5698ffbd9}",
                "Execution_ThreadID": 23008,
                "Opcode": 0,
                "ProcessId": 23372,
                "Version": 3,
                "Keywords": "0x8000000000000000",
                "Level": 4,
                "Task": 5,
                "TimeCreated_SystemTime": "2026-05-28T03:21:24.2984163Z",
                "EventRecordID": 3498271,
                "Execution_ProcessID": 13112,
                "Channel": "Microsoft-Windows-Sysmon/Operational",
                "RuleName": "-",
                "Computer": "DESKTOP-FSK1BQ0",
                "Security_UserID": "S-1-5-18",
                "UtcTime": "2026-05-28 03:21:24.298",
                "ProcessGuid": "{7d017cda-b4b4-6a17-6cca-000000002301}",
                "Image": "C:\\Program Files\\Microsoft Visual Studio\\2022\\Community\\Common7\\IDE\\CommonExtensions\\Microsoft\\TeamFoundation\\Team Explorer\\Git\\mingw64\\bin\\git.exe",
                "User": "DESKTOP-FSK1BQ0\\Ra4ina"
            }
        }
    },
    {
        "event_id": 5,
        "rule_matched": "",
        "result": 0,
        "payload": {
            "channel": 0,
            "fields": {
                "Provider_Name": "Microsoft-Windows-Sysmon",
                "EventID": 5,
                "Provider_Guid": "{5770385f-c22a-43e0-bf4c-06f5698ffbd9}",
                "Execution_ThreadID": 23008,
                "Opcode": 0,
                "ProcessId": 18924,
                "Version": 3,
                "Keywords": "0x8000000000000000",
                "Level": 4,
                "Task": 5,
                "TimeCreated_SystemTime": "2026-05-28T03:21:24.3013289Z",
                "EventRecordID": 3498272,
                "Execution_ProcessID": 13112,
                "Channel": "Microsoft-Windows-Sysmon/Operational",
                "RuleName": "-",
                "Computer": "DESKTOP-FSK1BQ0",
                "Security_UserID": "S-1-5-18",
                "UtcTime": "2026-05-28 03:21:24.301",
                "ProcessGuid": "{7d017cda-b4b4-6a17-6eca-000000002301}",
                "Image": "C:\\Windows\\System32\\conhost.exe",
                "User": "DESKTOP-FSK1BQ0\\Ra4ina"
            }
        }
    },
    {
        "event_id": 22,
        "rule_matched": "",
        "result": 0,
        "payload": {
            "channel": 0,
            "fields": {
                "Provider_Name": "Microsoft-Windows-Sysmon",
                "EventID": 22,
                "Provider_Guid": "{5770385f-c22a-43e0-bf4c-06f5698ffbd9}",
                "Execution_ThreadID": 13712,
                "Opcode": 0,
                "ProcessId": 8600,
                "Version": 5,
                "Keywords": "0x8000000000000000",
                "Level": 4,
                "Task": 22,
                "TimeCreated_SystemTime": "2026-05-28T03:21:27.0251870Z",
                "EventRecordID": 3498273,
                "Execution_ProcessID": 13112,
                "Channel": "Microsoft-Windows-Sysmon/Operational",
                "RuleName": "-",
                "Computer": "DESKTOP-FSK1BQ0",
                "Security_UserID": "S-1-5-18",
                "UtcTime": "2026-05-28 03:21:25.006",
                "ProcessGuid": "{7d017cda-b504-6a16-76a0-000000002301}",
                "QueryName": "p2p-fra2.discovery.steamserver.net",
                "QueryStatus": 0,
                "QueryResults": "155.133.226.75;155.133.226.76;155.133.226.74;155.133.226.78;",
                "Image": "C:\\Program Files (x86)\\Steam\\steam.exe",
                "User": "DESKTOP-FSK1BQ0\\Ra4ina"
            }
        }
    }
]